[    0.000000] Linux version 4.15.0-65-generic (buildd@lgw01-amd64-006) (gcc version 7.4.0 (Ubuntu 7.4.0-1ubuntu1~18.04.1)) #74-Ubuntu SMP Tue Sep 17 17:06:04 UTC 2019 (Ubuntu 4.15.0-65.74-generic 4.15.18)
[    0.000000] Command line: BOOT_IMAGE=/boot/vmlinuz-4.15.0-65-generic root=LABEL=cloudimg-rootfs ro console=tty1 console=ttyS0
[    0.000000] KERNEL supported cpus:
[    0.000000]   Intel GenuineIntel
[    0.000000]   AMD AuthenticAMD
[    0.000000]   Centaur CentaurHauls
[  0.0000] x86/fpu: Supporting XSAVE feature 0x001: 'x87 floating point registers'
[    0.000000] x86/fpu: Supporting XSAVE feature 0x002: 'SSE registers'
[    0.000000] x86/fpu: Supporting XSAVE feature 0x004: 'AVX registers'
[    0.000000] x86/fpu: xstate_offset[2]:  576, xstate_sizes[2]:  256
[    0.000000] x86/fpu: Enabled xstate features 0x7, context size is832 bytes, using 'standard' format.
[    0.000000] e820: BIOS-provided physical RAM map:
[    0.000000] BIOS-e820: [mem 0x0000000000000000-0x000000000009fbff] usable
[    0.000000] BIOS-e820: [mem 0x000000000009fc00-0x000000000009ffff] reserved
[    0.000000] BIOS-e820: [mem 0x00000000000f0000-0x00000000000fffff] reservd
[    0.000000] OS-e820: [mem x000000000100-0x000003ffeff] usae
[    0.0000] BIS-82: em 0x000000003fff0000-0x000000003fffffff] ACPI data
[    0.000000] BIOS-e820: [memx0000000ec0000-0x0000000ec00ffreserved
[    0.000000] BIOS-e820: [mem 0x00000000fee00000-0x00000000fee00fff] reserved
[   .00000 BOS-e82 [em 0x000000fffc0000-0x00000000ffffffff] reserved
[    0.000000] NX (Execute Disable) protection: active
[    0.000000] SMBIOS 2.5 present.
[    0.000000] DMI: innotek GmbH VirtualBox/VirtualBox, BIOS VirtuaalBox 12/0/2006
[    0.000000] Hypervisor detected: KVM
[    0.000000] e820: last_pfn = 0x3fff0 max_arch_pfn = 0x400000000
[    0.000000] MTRR: Disabled
[    0.000000] x86/PAT: MTRRs disabled, kipping PAT initialization too.
[    0.000000] CPU MTRRs all blank - virtualized system.
[    0.000000] x86/PAT: Configuration [-7]: W  WT  UC- UC B  WT  - C  
[    0.000000] found SMP MP-table at [mem 0x0009fff0-0x0009ffff]
[    0.000000] Scanning 1 areas for low memory corruption
[    0.000000] RAMDISK: [mem 0x35977000-0x36cb2fff]
[    0.000000] ACPI: Early table checksum verification disabled
[    0.000000] ACPI: RSDP 0x00000000000E0000 000024 (v02 VBOX  )
[    0.000000] ACPI: XSDT 0x000000003FFF0030 00003C (v01 VBOX   VBOXXSDT 00000001 ASL  00000061)
[    0.000000] ACPI: FACP 0x000000003FFF00F0 0000F4 (v04 VBOX   VBOXFACP 00000001 ASL  00000061)
[    0.000000] ACPI: DSDT 0x000000003FFF0470 0021FF (v02 VBOX   VBOXBIOS 00000002 INTL 20100528)
[    0.000000] ACPI: FACS 0x000000003FFF0200 000040
[    0.000000] ACPI: FACS 0x000000003FFF0200 000040
[    0.000000] ACPI: APIC 0x000000003FFF0240 00005C (v02 VBOX   VBOXAPIC 00000001 ASL  00000061)
[   0.000000] ACPI: SSDT 0x000000003FFF02A0 0001CC (v01 VBOX   VBOXCPUT 000002 NTL 01528)
[    0.000000] No NUMA configuration found
[    0.000000] Faking a node at [mem 0x0000000000000000-0x000000003ffeffff]
[    0.000000] NODE_DATA(0) allocated [mem 0x3ffc5000-0x3ffeffff]
[    0.000000] kvm-clock: cpu 0, msr 0:3ff44001, primary cpu clock
[    0.000000] kvm-clock: Using msrs 4b564d01 and 4b564d00
[    0.000000] kvm-clock: using sched offset of 7608143842 cycles
[    00000] clocksource: kvm-lock: mask: 0xffffffffffffffff max_cycles: 0x1cd42e4dffb, max_idle_ns: 881590591483 ns
[    0.000000] Zone ranges:
[    0.000000]   DMA      [mem 0x0000000000001000-0x0000000000ffffff]
[    0.000000]   DMA32    [mem 0x0000000001000000-0x000000003ffeffff]
[    0.000000]   Normal   empty
[    0.000000]   Device   empty
[    0.000000] Movable zone start for each node
[    0.000000] Early memory node ranges
[    0.00000]   node 0: [me 000000000000000-0x00000000ff]
[    0.000000]   node   0: [mem 0x0000000000100000-0x000000003ffeffff]
[    0.000000] Reserved but unavailable: 98 pages
[    0.000000] Initmem setup node 0 [mem 0x0000000000001000-0x000000003ffeffff]
[    0.000000] ACPI: PM-Timer IO Port: 0x4008
[  0.00000 IAPIC[0]: apic_id 2, version 32, address 0xfec00000, GSI 0-23
[    0.000000] ACPI: INT_SRC_OVR (bus 0 bus_irq 0 global_irq 2 dfl dfl)
[    0.000000] ACPI: INT_SRC_OVR (bus 0 bus_irq 9 global_irq 9 low level)
[    0.000000] Using ACPI (MADT) for SMP configuration information
[    0.000000] smpboot: Allowing 2 CPUs, 0 hotplug CPUs
[    0.000000] PM: Registered nosave memory: [mem 0x00000000-0x00000fff]
[    0.000000] PM: Registered nosave memory: [mem 0x0009f000-0x0009ffff]
[    0.000000] PM: Registered nosave memory: [mem 0x000a0000-0x000effff]
[    0.000000] PM: Registered nosave memory: [mem 0x000f0000-0x000fffff]
[    0.000000] e820: [mem 0x40000000-0xfebfffff] available for PCI devices
[    0.000000] Booting paravirtualized kernel on KVM
[    0.000000] clocksource: refined-jiffies: mask: 0xffffffff max_cycles: 0xffffffff, max_idle_ns: 7645519600211568 ns
[    0.000000] random: get_random_bytes called from start_kernel+0x99/0x4fd with crng_init=0
[    0.000000] setup_percpu: NR_CPUS:8192 nr_cpumask_bits:2 nr_cpu_ids:2 nr_node_ids:1
[    0.000000] prcpu: Embedded 46 pages/cpu s151552 r8192 d28672 u1048576
[    0.000000] PV qspinlock hash table entries: 256 (order: 0, 4096 bytes)
[    0.000000] Built 1 zonelists, mobility grouping on.  Total pages: 257913
[    0.000000] Policy zone: DMA32
[    0.000000] Kernel command line: BOOT_IMAGE=/boot/vmliz-4.15.05-eneric root=ABL=cloudimg-rootfs ro console=tty1 console=ttyS0
[    0.000000] Memory: 982884K/1048120K available (12300K kernel code, 2481K rwdata, 4256K rodata, 2436K init, 2388K bss, 65236K reserved, 0K cma-reserved)
[    0.000000] SLUB: HWalign=64, Order=0-3, MinObjects=0, CPUs=2, Nodes=1
[    000000]erel/User pa tableislatin:enabled
[    0.000000] ftrace: allocating 39301 entries in 154 pages
[    0.004000] Hierarchical RCU implementation.
[    0.004000] 	RCU restricting CPUs from NR_CPUS=8192 to nr_cpu_ids=2.
[    0.004000] 	Tasks RCU enabled.
[    0.004000] RCU: Adjusting geometry for rcu_fanout_leaf=16, nr_cpu_ids=2
[    0.004000] NR_IRQS: 524544, nr_irqs: 440, preallocated irqs: 16
[    0.004000] Console: colour VGA+ 80x25
[    0.004000] console [tty1] enabled
[    0.004000] console [ttyS0] enabled
[    0.004000] ACPI: Core revision 20170831
[    0.004000] ACPI: 2 ACPI AML tables successfully acquired and loaded
[    0.004000] APIC: Switch to symmetric I/O mode setup
[    0.004229] x2apic enabled
[    0.008004] Switched APIC routing to physical x2apic.
[    0.012885] ..TIMER: vector=0x30 apic1=0 pin1=2 apic2=-1 pin2=-1
[    0.016002] tsc: Detected 2303.998 MHz processor
[    0.020010] Calibrating delay loop (skipped) preset value.. 4607.99 BogoMIPS (lpj=9215992)
[    0.024008] pid_max: default: 32768 minimum: 301
[    0.028042] Security Framework initialized
[    0.032007] Yama: becoming mindful.
[    0.036033] AppArmor: AppArmor initialized
[    0.040058] Dentry cache hash table entries: 131072 (order: 8, 1048576 bytes)
[    0.042139] Inode-cache hash table entries: 65536 (order: 7, 524288 bytes)
[    0.044019] Mount-cache hash table entries: 2048 (order: 2, 16384 bytes)
[    0.048006] Mountpoint-cache hash table entries: 2048 (order: 2, 16384 bytes)
[    0.052244] Last level iTLB entries: 4KB 64, 2MB 8, 4MB 8
[    0.056003] Last level dTLB entries: 4KB 64, 2MB 0, 4MB 0, 1GB 4
[    0.057476] Spectre V1 : Mitigation: usercopy/swapgs barriers and __user pointer sanitization
[    0.060009] Spectre V2 : Mitigation: Full generic retpoline
[    0.061334] Spectre V2 : Spectre v2 / SpectreRSB mitigation: Filling RSB on context switch
[    0.064004] Speculative Store Bypass: Vulnerable
[    0.065352] MDS: Vulnerable: Clear CPU buffers attempted, no microcode
[    0.067288] Freeing SMP alternatives memory: 36K
[    0.178391] APIC calibration not consistent with PM-Timer: 98ms instead of 100ms
[    0.180000] APIC delta adjusted to PM-Timer: 6242287 (6168521)
[    0.180065] smpboot: CPU0: Intel(R) Core(TM) i5-7360U CPU @ 2.30GHz (family: 0x6, model: 0x8e, stepping: 0x9)
[    0.184084] Performance Events: unsupported p6 CPU model 142 no PMU driver, software events only.
[    0.188052] Hierarchical SRCU implementation.
[    0.192534] NMI watchdog: Perf event create on CPU 0 failed with -2
[    0.196002] NMI watchdog: Perf NMI watchdog permanently disabled
[    0.200049] smp: Bringing up secondary CPUs ...
[    0.201380] x86: Booting SMP configuration:
[    0.204004] .... node  #0, CPUs:      #1
[    0.004000] kvm-clock: cpu 1, msr 0:3ff44041, secondary cpu clock
[    0.208020] smp: Brought up 1 node, 2 CPUs
[    0.212010] smpboot: Max logical packages: 1
[    0.216004] smpboot: Total of 2 processors activated (9215.99 BogoMIPS)
[    0.220153] devtmpfs: initialized
[    0.224060] x86/mm: Memory block size: 128MB
[    0.225398] evm: security.selinux
[    0.226363] evm: security.SMACK64
[    0.228003] evm: security.SMACK64EXEC
[    0.229042] evm: security.SMACK64TRANSMUTE
[    0.230192] evm: security.SMACK64MMAP
[    0.231224] evm: security.apparmor
[    0.232003] evm: security.ima
[    0.236004] evm: security.capability
[    0.237102] clocksource: jiffies: mask: 0xffffffff max_cycles: 0xffffffff, max_idle_ns: 7645041785100000 ns
[    0.240020] futex hash table entries: 512 (order: 3, 32768 bytes)
[    0.245356] pinctrl core: initialized pinctrl subsystem
[    0.248114] RTC time: 11:21:40, date: 11/14/19
[    0.252200] NET: Registered protocol family 16
[    0.256067] audit: initializing netlink subsys (disabled)
[    0.260040] audit: type=2000 audit(1573730505.656:1): state=initialized audit_enabled=0 res=1
[    0.460011] cpuidle: using governor ladder
[    0.464010] cpuidle: using governor menu
[    0.465192] ACPI: bus type PCI registered
[    0.468004] acpiphp: ACPI Hot Plug PCI Controller Driver version: 0.5
[    0.472168] PCI: Using configuration type 1 for base access
[    0.476880] HugeTLB registered 2.00 MiB page size, pre-allocated 0 pages
[    0.480088] ACPI: Added _OSI(Module Device)
[    0.481300] ACPI: Added _OSI(Processor Device)
[    0.484003] ACPI: Added _OSI(3.0 _SCP Extensions)
[    0.485442] ACPI: Added _OSI(Processor Aggregator Device)
[    0.486943] ACPI: Added _OSI(Linux-Dell-Video)
[    0.488008] ACPI: Added _OSI(Linux-Lenovo-NV-HDMI-Audio)
[    0.489492] ACPI: Added _OSI(Linux-HPI-Hybrid-Graphics)
[    0.492316] ACPI: Executed 1 blocks of module-level executable AML code
[    0.501812] ACPI: Interpreter enabled
[    0.504026] ACPI: (supports S0 S5)
[    0.505524] ACPI: Using IOAPIC for interrupt routing
[    0.508465] PCI: Using host bridge windows from ACPI; if necessary, use "pci=nocrs" and report a bug
[    0.512418] ACPI: Enabled 2 GPEs in block 00 to 07
[    0.528897] ACPI: PCI Root Bridge [PCI0] (domain 0000 [bus 00-ff])
[    0.531713] acpi PNP0A03:00: _OSC: OS supports [ASPM ClockPM Segments MSI]
[    0.532088] acpi PNP0A03:00: _OSC: not requesting OS control; OS requires [ExtendedConfig ASPM ClockPM MSI]
[    0.536070] acpi PNP0A03:00: fail to add MMCONFIG information, can't access extended PCI configuration space under this bridge.
[    0.540515] PCI host bridge to bus 0000:00
[    0.541682] pci_bus 0000:00: root bus resource [io  0x0000-0x0cf7 window]
[    0.544006] pci_bus 0000:00: root bus resource [io  0x0d00-0xffff window]
[    0.548009] pci_bus 0000:00: root bus resource [mem 0x000a0000-0x000bffff window]
[    0.552009] pci_bus 0000:00: root bus resource [mem 0x40000000-0xfdffffff window]
[    0.553651] pci_bus 0000:00: root bus resource [bus 00-ff]
[    0.558417] pci 0000:00:01.1: legacy IDE quirk: reg 0x10: [io  0x01f0-0x01f7]
[    0.560008] pci 0000:00:01.1: legacy IDE quirk: reg 0x14: [io  0x03f6]
[    0.564008] pci 0000:00:01.1: legacy IDE quirk: reg 0x18: [io  0x0170-0x0177]
[    0.568003] pci 0000:00:01.1: legacy IDE quirk: reg 0x1c: [io  0x0376]
[    0.588240] pci 0000:00:07.0: quirk: [io  0x4000-0x403f] claimed by PIIX4 ACPI
[    0.592028] pci 0000:00:07.0: quirk: [io  0x4100-0x410f] claimed by PIIX4 SMB
[    0.607205] ACPI: PCI Interrupt Link [LNKA] (IRQs 5 9 10 *11)
[    0.608317] ACPI: PCI Interrupt Link [LNKB] (IRQs 5 9 *10 11)
[    0.612179] ACPI: PCI Interrupt Link [LNKC] (IRQs 5 *9 10 11)
[    0.616139] ACPI: PCI Interrupt Link [LNKD] (IRQs 5 9 10 *11)
[    0.620395] SCSI subsystem initialized
[    0.624057] pci 0000:00:02.0: vgaarb: setting as boot VGA device
[    0.628000] pci 0000:00:02.0: vgaarb: VGA device added: decodes=io+mem,owns=io+mem,locks=none
[    0.628006] pci 0000:00:02.0: vgaarb: bridge control possible
[    0.632002] vgaarb: loaded
[    0.636034] ACPI: bus type USB registered
[    0.637196] usbcore: registered new interface driver usbfs
[    0.640009] usbcore: registered new interface driver hub
[    0.644037] usbcore: registered new device driver usb
[    0.648087] EDAC MC: Ver: 3.0.0
[    0.656336] PCI: Using ACPI for IRQ routing
[    0.664099] NetLabel: Initializing
[    0.668002] NetLabel:  domain hash size = 128
[    0.672002] NetLabel:  protocols = UNLABELED CIPSOv4 CALIPSO
[    0.676024] NetLabel:  unlabeled traffic allowed by default
[    0.680160] clocksource: Switched to clocksource kvm-clock
[    0.751732] VFS: Disk quotas dquot_6.6.0
[    0.759231] VFS: Dquot-cache hash table entries: 512 (order 0, 4096 bytes)
[    0.761205] AppArmor: AppArmor Filesystem Enabled    0.783880] pnp: PnP ACPI init
[    0.828637] pnp: PnP ACPI: found 3 devices

[    0.843408] clocksource: acpi_pm: mask: 0xffffff max_cycles: 0xffffff, max_idle_ns: 2085701024 ns
[    0.845992] NET: Registered protocol family 2
[    0.847411] TCP established hash table entries: 8192 (order: 4, 65536 bytes)
[    0.0987] TCP bind hash table entries: 8192 (order: 5, 131072 bytes)
[    0.913635] TCP: Hash tables configured (established 8192 bind 8192)
[    0.914975] UDP hash table entries: 512 (order: 2, 16384 bytes
[  0395]DPithash tablenie 5 (de 2164 bytes)
[  1578]ETRestedrocol family 1

[    1.942346] pci 0000:00:00.0: Limiting direct PCI/PCI transfers
[    1.944047] pci 0000:00:01.0: Activating ISA DMA hang workarounds
[    1.945781] pci 0000:00:02.0: Video device with shadowed ROM at [mem 0x000c0000-0x000dffff]
[    1.948460] Unpacking initramfs...
[    2.221198] Freeing initrd memory: 19696K
[    2.278270] clocksource: tsc: mask: 0xffffffffffffffff max_cycles: 0x2135f5e6f15, max_idle_ns: 440795231538 ns
[    2.296213] platform rtc_cmos: registered platform RTC device (no PNP device found)
[    2.298368] Scanning for low memory corruption every 60 seconds
[    2.300629] Initialise system trusted keyrings
[    2.348806] Key type blacklist registered
[    2.372304] workingset: timestamp_bits=36 max_order=18 bucket_order=0
[    2.427551] zbud: loaded
[    2.442494] squashfs: version 4.0 (2009/01/31) Phillip Lougher
[    2.478569] fuse init (API version 7.26)
[    2.527196] Key type asymmetric registered
[    2.528104] Asymmetric key parser 'x509' registered
[    2.529183] Block layer SCSI generic (bsg) driver version 0.4 loaded (major 246)
[    2.530780] io scheduler noop registered
[    2.531609] io scheduler deadline registered
[    2.555245] io scheduler cfq registered (default)
[    2.627638] ACPI: AC Adapter [AC] (off-line)
[    2.638450] input: Power Button as /devices/LNXSYSTM:00/LNXPWRBN:00/input/input0
[    2.650899] ACPI: Power Button [PWRF]
[    2.679371] input: Sleep Button as /devices/LNXSYSTM:00/LNXSLPBN:00/input/input1
[    2.702725] ACPI: Sleep Button [SLPF]
[    2.739588] ACPI: Battery Slot [BAT0] (battery present)
[    2.768296] Serial: 8250/550 drir,2 rt I shaing enabled

[   3.081999] 00:02: ttyS0 at I/O 0x3f8 (irq = 4, base_baud = 115200) is a 16550A

[    3.118307] Linux agpgart interface v0.103
[    3.124266] loop: module loaded
[    3.125576] scsi host0: ata_piix
[    3.160861] scsi host1: ata_piix
[    3.182024] ata1: PATA max UDMA/33 cmd 0x1f0 ctl 0x3f6 bmdma 0xd000 irq 14
[    3.259192] ata2: PATA max UDMA/33 cmd 0x170 ctl 0x376 bmdma 0xd008 irq 15
[    3.261504] libphy: Fixed MDIO Bus: probed
[    3.262390] tun: Universal TUN/TAP device driver, 1.6
[    3.263742] PPP generic driver version 2.4.2
[    3.264951] ehci_hcd: USB 2.0 'Enhanced' Host Controller (EHCI) Driver
[    3.266420] ehci-pci: EHCI PCI platform driver
[    3.267498] ehci-platform: EHCI generic platform driver
[    3.268890] ohci_hcd: USB 1.1 'Open' Host Controller (OHCI) Driver
[    3.273898] ohci-pci: OHCI PCI platform driver
[    3.276595] ohci-platform: OHCI generic platform driver
[    3.277715] uhci_hcd: USB Universal Host Controller Interface driver
[    3.279181] i8042: PNP: PS/2 Controller [PNP0303:PS2K,PNP0f03:PS2M] at 0x60,0x64 irq 1,12
[    3.281406] serio: i8042 KBD port at 0x60,0x64 irq 1
[    3.282510] serio: i8042 AUX port at 0x60,0x64 irq 12
[    3.284056] mousedev: PS/2 mouse device common for all mice
[    3.292354] rtc_cmos rtc_cmos: rtc core: registered rtc_cmos as rtc0
[    3.292406] input: AT Translated Set 2 keyboard as /devices/platform/i8042/serio0/input/input2
[    3.300294] rtc_cmos rtc_cmos: alarms up to one day, 114 bytes nvram
[    3.312857] i2c /dev entries driver
[    3.314595] device-mapper: uevent: version 1.0.3
[    3.316875] device-mapper: ioctl: 4.37.0-ioctl (2017-09-20) initialised: dm-devel@redhat.com
[    3.320624] ledtrig-cpu: registered to indicate activity on CPUs
[    3.325156] NET: Registered protocol family 10
[    3.333094] Segment Routing with IPv6
[    3.334638] NET: Registered protocol family 17
[    3.336836] Key type dns_resolver registered
[    3.340517] mce: Using 0 MCE banks
[    3.342030] RAS: Correctable Errors collector initialized.
[    3.344554] sched_clock: Marking stable (3344475173, 0)->(8173945912, -4829470739)
[    3.349526] registered taskstats version 1
[    3.350656] Loading compiled-in X.509 certificates
[    3.354358] Loaded X.509 cert 'Build time autogenerated kernel key: 3a65b6a3c8b5d6b297d77c25be9161529933bc49'
[    3.367453] zswap: loaded using pool lzo/zbud
[    3.372916] Key type big_key registered
[    3.374223] Key type trusted registered
[    3.377619] Key type encrypted registered
[    3.379048] AppArmor: AppArmor sha1 policy hashing enabled
[    3.380669] ima: No TPM chip found, activating TPM-bypass! (rc=-19)
[    3.382415] ima: Allocated hash algorithm: sha1
[    3.383711] evm: HMAC attrs: 0x1
[    3.385017]   Magic number: 11:72:378
[    3.386311] rtc_cmos rtc_cmos: setting system clock to 2019-11-14 11:21:44 UTC (1573730504)
[    3.390956] BIOS EDD facility v0.16 2004-Jun-25, 0 devices found
[    3.392777] EDD information not available.
[    3.427241] Freeing unused kernel image memory: 2436K
[    3.440145] Write protecting the kernel read-only data: 20480k
[    3.443084] Freeing unused kernel image memory: 2008K
[    3.447909] Freeing unused kernel image memory: 1888K
[    3.453969] x86/mm: Checked W+X mappings: passed, no W+X pages found.
[    3.455746] x86/mm: Checking user space page tables
[    3.531864] x86/mm: Checked W+X mappings: passed, no W+X pages found.
Loading, please wait...
starting version 237
[    3.839603] Fusion MPT base driver 3.04.20
[    3.840878] Copyright (c) 1999-2008 LSI Corporation
[    3.857270] e1000: Intel(R) PRO/1000 Network Driver - version 7.3.21-k8-NAPI
[    3.858826] e1000: Copyright (c) 1999-2006 Intel Corporation.
[    3.865759] AVX2 version of gcm_enc/dec engaged.
[    3.867187] AES CTR mode by8 optimization enabled
[    3.871331] Fusion MPT SPI Host driver 3.04.20
[    3.882607] vboxvideo: loading out-of-tree module taints kernel.
[    3.884590] vboxvideo: module verification failed: signature and/or required key missing - tainting kernel
[    4.066865] input: ImExPS/2 Generic Explorer Mouse as /devices/platform/i8042/serio1/input/input4
[    4.291352] e1000 0000:00:03.0 eth0: (PCI:33MHz:32-bit) 02:82:7a:7b:51:94
[    4.328823] e1000 0000:00:03.0 eth0: Intel(R) PRO/1000 Network Connection
[    4.892215] e1000 0000:00:08.0 eth1: (PCI:33MHz:32-bit) 08:00:27:20:d1:0c
[    4.938510] e1000 0000:00:08.0 eth1: Intel(R) PRO/1000 Network Connection
[    5.169228] mptbase: ioc0: Initiating bringup
[    5.170010] e1000 0000:00:08.0 enp0s8: renamed from eth1
[    5.181235] e1000 0000:00:03.0 enp0s3: renamed from eth0
[    5.325714] ioc0: LSI53C1030 A0: Capabilities={Initiator}
[    6.893908] scsi host2: ioc0: LSI53C1030 A0, FwRev=00000000h, Ports=1, MaxQ=256, IRQ=20
[    9.245943] scsi 2:0:0:0: Direct-Access     VBOX     HARDDISK         1.0  PQ: 0 ANSI: 5
[   10.555071] [drm] VRAM 01000000
[   10.617717] [TTM] Zone  kernel: Available graphics memory: 504474 kiB
[   10.708899] [TTM] Initializing pool allocator
[   10.709866] [TTM] Initializing DMA pool allocator
[   10.712304] fbcon: vboxdrmfb (fb0) is primary device
[   10.713757] Console: switching to colour frame buffer device 100x37
[   10.717457] vboxvideo 0000:00:02.0: fb0: vboxdrmfb frame buffer device
[   10.732627] scsi target2:0:0: Beginning Domain Validation
[   10.735552] scsi target2:0:0: Domain Validation skipping write tests
[   10.737836] scsi target2:0:0: Ending Domain Validation
[   10.740938] scsi target2:0:0: asynchronous
[   10.744201] [drm] Initialized vboxvideo 1.0.0 20130823 for 0000:00:02.0 on minor 0
[   10.747191] scsi 2:0:1:0: Direct-Access     VBOX     HARDDISK         1.0  PQ: 0 ANSI: 5
[   10.807111] scsi target2:0:1: Beginning Domain Validation
[   10.809021] random: fast init done
[   10.929817] scsi target2:0:1: Domain Validation skipping write tests
[   11.733424] scsi target2:0:1: Ending Domain Validation
[   12.210374] scsi target2:0:1: asynchronous
[   12.557227] random: systemd-udevd: uninitialized urandom read (16 bytes read)
[   12.558625] random: systemd-udevd: uninitialized urandom read (16 bytes read)
[   12.559956] random: systemd-udevd: uninitialized urandom read (16 bytes read)
[   12.561568] sd 2:0:0:0: Attached scsi generic sg0 type 0
[   12.742817] sd 2:0:0:0: [sda] 20971520 512-byte logical blocks: (10.7 GB/10.0 GiB)
[   12.745202] sd 2:0:1:0: [sdb] 20480 512-byte logical blocks: (10.5 MB/10.0 MiB)
[   12.818634] sd 2:0:0:0: [sda] Write Protect is off
[   12.818890] sd 2:0:1:0: [sdb] Write Protect is off
[   12.830191] sd 2:0:1:0: Attached scsi generic sg1 type 0
[   12.941009] sd 2:0:0:0: [sda] Incomplete mode parameter data
[   12.941033] sd 2:0:1:0: [sdb] Incomplete mode parameter data
[   12.948588] sd 2:0:0:0: [sda] Assuming drive cache: write through
[   12.953683] sd 2:0:1:0: [sdb] Assuming drive cache: write through
[   12.965669]  sda: sda1
[   12.969570] sd 2:0:1:0: [sdb] Attached SCSI disk
[   12.971855] sd 2:0:0:0: [sda] Attached SCSI disk
Begin: Loading essential drivers ... [   13.164224] raid6: sse2x1   gen() 12477 MB/s
[   13.240265] raid6: sse2x1   xor()  9028 MB/s
[   13.304284] raid6: sse2x2   gen() 15523 MB/s
[   13.400013] raid6: sse2x2   xor() 10148 MB/s
[   13.484376] raid6: sse2x4   gen() 18112 MB/s
[   13.548300] raid6: sse2x4   xor() 10529 MB/s
[   13.600149] raid6: avx2x1   gen() 24959 MB/s
[   13.692419] raid6: avx2x1   xor() 17484 MB/s
[   13.740386] raid6: avx2x2   gen() 31218 MB/s
[   13.824229] raid6: avx2x2   xor() 18829 MB/s
[   13.892227] raid6: avx2x4   gen() 34947 MB/s
[   13.944257] raid6: avx2x4   xor() 21687 MB/s
[   13.945512] raid6: using algorithm avx2x4 gen() 34947 MB/s
[   13.947028] raid6: .... xor() 21687 MB/s, rmw enabled
[   13.954256] raid6: using avx2x2 recovery algorithm
[   13.956998] xor: automatically using best checksumming function   avx       
[   14.017163] async_tx: api initialized (async)
done.
Begin: Running /scripts/init-premount ... done.
Begin: Mounting root file system ... Begin: Running /scripts/local-top ... done.
Begin: Running /scripts/local-premount ... [   14.076774] Btrfs loaded, crc32c=crc32c-intel
Scanning for Btrfs filesystems
done.
Warning: fsck no[   14.147777] EXT4-fs (sda1): INFO: recovery required on readonly filesystem
t present, so sk[   14.194709] EXT4-fs (sda1): write access will be enabled during recovery
ipping root file system
[   14.446979] EXT4-fs (sda1): recovery complete
[   14.463924] EXT4-fs (sda1): mounted filesystem with ordered data mode. Opts: (null)
done.
Begin: Running /scripts/local-bottom ... done.
Begin: Running /scripts/init-bottom ... done.
[   15.390192] ip_tables: (C) 2000-2006 Netfilter Core Team
[   15.734745] systemd[1]: systemd 237 running in system mode. (+PAM +AUDIT +SELINUX +IMA +APPARMOR +SMACK +SYSVINIT +UTMP +LIBCRYPTSETUP +GCRYPT +GNUTLS +ACL +XZ +LZ4 +SECCOMP +BLKID +ELFUTILS +KMOD -IDN2 +IDN -PCRE2 default-hierarchy=hybrid)
[   15.770634] systemd[1]: Detected virtualization oracle.
[   15.813637] systemd[1]: Detected architecture x86-64.

Welcome to [1mUbuntu 18.04.3 LTS[0m!

[   15.891028] systemd[1]: Set hostname to <ubuntu-bionic>.
[   16.287997] random: crng init done
[   16.289760] random: 7 urandom warning(s) missed due to ratelimiting
[   16.900399] systemd[1]: Created slice User and Session Slice.
[[0;32m  OK  [0m] Created slice User and Session Slice.
[   16.967126] systemd[1]: Started Forward Password Requests to Wall Directory Watch.
[[0;32m  OK  [0m] Started Forward Password Requests to Wall Directory Watch.
[   17.327801] systemd[1]: Reached target User and Group Name Lookups.
[[0;32m  OK  [0m] Reached target User and Group Name Lookups.
[   17.331025] systemd[1]: Created slice System Slice.
[[0;32m  OK  [0m] Created slice System Slice.
[   17.333579] systemd[1]: Listening on Network Service Netlink Socket.
[[0;32m  OK  [0m] Listening on Network Service Netlink Socket.
[   17.339078] systemd[1]: Listening on Syslog Socket.
[[0;32m  OK  [0m] Listening on Syslog Socket.
[[0;32m  OK  [0m] Created slice system-serial\x2dgetty.slice.
[[0;32m  OK  [0m] Listening on LVM2 metadata daemon socket.
[[0;32m  OK  [0m] Listening on udev Kernel Socket.
[[0;32m  OK  [0m] Listening on /dev/initctl Compatibility Named Pipe.
[[0;32m  OK  [0m] Listening on LVM2 poll daemon socket.
[[0;32m  OK  [0m] Listening on udev Control Socket.
[[0;32m  OK  [0m] Reached target Slices.
[[0;32m  OK  [0m] Listening on Journal Socket (/dev/log).
[[0;32m  OK  [0m] Listening on Journal Audit Socket.
[[0;32m  OK  [0m] Set up automount Arbitrary Executab…rmats File System Automount Point.
[[0;32m  OK  [0m] Listening on Device-mapper event daemon FIFOs.
[[0;32m  OK  [0m] Reached target System Time Synchronized.
[[0;32m  OK  [0m] Reached target Swap.
[[0;32m  OK  [0m] Listening on Journal Socket.
         Mounting Huge Pages File System...
         Starting Remount Root and Kernel File Systems...
         Starting Load Kernel Modules...
         Starting Create list of required st…ce nodes for the current kernel...
         Starting Set the console keyboard layout...
[   17.471223] Loading iSCSI transport class v2.0-870.
         Starting Journal Service...
         Mounting POSIX Message Queue File System...
[   17.487695] EXT4-fs (sda1): re-mounted. Opts: (null)
         Starting Uncompl[   17.632792] iscsi: registered transport (tcp)
icated firewall...
         Mounting Kernel Debug File System...
         Starting udev Coldplug all Devices...
         Starting Monitoring of LVM2 mirrors…ng dmeventd or progress polling...
[[0;32m  OK  [0m] Mounted Huge Pages File System.
[[0;32m  OK  [0m] Started Remount Root and Kernel File Systems.
[[0;32m  OK  [0m] Started Create list of required sta…vice nodes for the current kernel.
[[0;32m  OK  [0m] Started Journal Service.
[[0;32m  OK  [0m] Mounted POSIX Message Queue File System.
[[0;32m  OK  [0m] Started Uncomplicated firewall.
[[0;32m  OK  [0[   17.831393] iscsi: registered transport (iser)
m] Mounted Kernel Debug File System.
[[0;32m  OK  [0m] Started Load Kernel Modules.
         Starting Apply Kernel Variables...
         Mounting FUSE Control File System...
         Mounting Kernel Configuration File System...
         Starting Create Static Device Nodes in /dev...
         Starting Flush Journal to Persistent Storage...
         Starting Load/Save Random Seed...
[[0;32m  OK  [0m] Started udev Coldplug all Devices.
[[0;32m  OK  [0m] Mounted FUSE Control File System.
[[0;32m  OK  [0m] Mounted Kernel Configuration File System.
[[0;32m  OK  [0m] Started Apply Kernel Variables.
[[0;32m  OK  [0m] Started Set the console keyboard layout.
[[0;32m  OK  [0m] Started Create Static Device Nodes in /dev.
[[0;32m  OK  [0m] Started Load/Save Random Seed.
[[0;32m  OK  [0m] Started LVM2 metadata daemon.
         Starting udev Kernel Device Manager...
[[0;32m  OK  [0m] Started Monitoring of LVM2 mirrors,…sing dmeventd or progress polling.
[[0;32m  OK  [0m] Reached target Local File Systems (Pre).
[[0;32m  OK  [0m] Reached target Local File Systems.
         Starting Tell Plymouth To Write Out Runtime Data...
         Starting Set console font and keymap...
         Starting ebtables ruleset management...
         Starting AppArmor initialization...
[[0;32m  OK  [0m] Started udev Kernel Device Manager.
[[0;32m  OK  [0m] Started Dispatch Password Requests to Console Directory Watch.
[[0;32m  OK  [0m] Reached target Local Encrypted Volumes.
[[0;32m  OK  [0m] Started Tell Plymouth To Write Out Runtime Data.
[[0;32m  OK  [0m] Started Set console font and keymap.
[[0;32m  OK  [0m] Started ebtables ruleset management.
[[0;32m  OK  [0m] Started Flush Journal to Persistent Storage.
         Starting Create Volatile Files and Directories...
[[0;32m  OK  [0m] Started Create Volatile Files and Directories.
         Starting Update UTMP about System Boot/Shutdown...
[[0;32m  OK  [0m] Started Update UTMP about System Boot/Shutdown.
[[0;32m  OK  [0m] Found device /dev/ttyS0.
[[0;32m  OK  [0m] Listening on Load/Save RF Kill Switch Status /dev/rfkill Watch.
[[0;32m  OK  [0m] Started AppArmor initialization.
         Starting Initial cloud-init job (pre-networking)...
[   20.479570] cloud-init[525]: Cloud-init v. 19.2-36-g059d049c-0ubuntu1~18.04.1 running 'init-local' at Thu, 14 Nov 2019 11:22:01 +0000. Up 20.23 seconds.
[[0;32m  OK  [0m] Started Initial cloud-init job (pre-networking).
[[0;32m  OK  [0m] Reached target Network (Pre).
         Starting Network Service...
[[0;32m  OK  [0m] Started Network Service.
         Starting Wait for Network to be Configured...
         Starting Network Name Resolution...
[[0;32m  OK  [0m] Started Network Name Resolution.
[[0;32m  OK  [0m] Reached target Network.
[[0;32m  OK  [0m] Reached target Host and Network Name Lookups.
[[0;32m  OK  [0m] Started Wait for Network to be Configured.
         Starting Initial cloud-init job (metadata service crawler)...
[   22.867664] cloud-init[703]: Cloud-init v. 19.2-36-g059d049c-0ubuntu1~18.04.1 running 'init' at Thu, 14 Nov 2019 11:22:03 +0000. Up 22.74 seconds.
[   22.874238] cloud-init[703]: ci-info: ++++++++++++++++++++++++++++++++++++++Net device info+++++++++++++++++++++++++++++++++++++++
[   22.891181] cloud-init[703]: ci-info: +--------+------+-----------------------------+---------------+--------+-------------------+
[   22.899370] cloud-init[703]: ci-info: | Device |  Up  |           Address           |      Mask     | Scope  |     Hw-Address    |
[   22.905495] cloud-init[703]: ci-info: +--------+------+-----------------------------+---------------+--------+-------------------+
[   22.908770] cloud-init[703]: ci-info: | enp0s3 | True |          10.0.2.15          | 255.255.255.0 | global | 02:82:7a:7b:51:94 |
[   22.913303] cloud-init[703]: ci-info: | enp0s3 | True |  fe80::82:7aff:fe7b:5194/64 |       .       |  link  | 02:82:7a:7b:51:94 |
[   22.916806] cloud-init[703]: ci-info: | enp0s8 | True |        192.168.33.10        | 255.255.255.0 | global | 08:00:27:20:d1:0c |
[   22.920122] cloud-init[703]: ci-info: | enp0s8 | True | fe80::a00:27ff:fe20:d10c/64 |       .       |  link  | 08:00:27:20:d1:0c |
[   22.923224] cloud-init[703]: ci-info: |   lo   | True |          127.0.0.1          |   255.0.0.0   |  host  |         .         |
[   22.926177] cloud-init[703]: ci-info: |   lo   | True |           ::1/128           |       .       |  host  |         .         |
[   22.929231] cloud-init[703]: ci-info: +--------+------+-----------------------------+---------------+--------+-------------------+
[   22.937445] cloud-init[703]: ci-info: +++++++++++++++++++++++++++++Route IPv4 info+++++++++++++++++++++++++++++
[   22.955199] cloud-init[703]: ci-info: +-------+--------------+----------+-----------------+-----------+-------+
[   22.966768] cloud-init[703]: ci-info: | Route | Destination  | Gateway  |     Genmask     | Interface | Flags |
[   22.988488] cloud-init[703]: ci-info: +-------+--------------+----------+-----------------+-----------+-------+
[   22.994858] cloud-init[703]: ci-info: |   0   |   0.0.0.0    | 10.0.2.2 |     0.0.0.0     |   enp0s3  |   UG  |
[   23.000424] cloud-init[703]: ci-info: |   1   |   10.0.2.0   | 0.0.0.0  |  255.255.255.0  |   enp0s3  |   U   |
[   23.004841] cloud-init[703]: ci-info: |   2   |   10.0.2.2   | 0.0.0.0  | 255.255.255.255 |   enp0s3  |   UH  |
[   23.016240] cloud-init[703]: ci-info: |   3   | 192.168.33.0 | 0.0.0.0  |  255.255.255.0  |   enp0s8  |   U   |
[   23.020707] cloud-init[703]: ci-info: +-------+--------------+----------+-----------------+-----------+-------+
[   23.026220] cloud-init[703]: ci-info: +++++++++++++++++++Route IPv6 info+++++++++++++++++++
[   23.048469] cloud-init[703]: ci-info: +-------+-------------+---------+-----------+-------+
[   23.104244] cloud-init[703]: ci-info: | Route | Destination | Gateway | Interface | Flags |
[   23.119069] cloud-init[703]: ci-info: +-------+-------------+---------+-----------+-------+
[   23.140665] cloud-init[703]: ci-info: |   1   |  fe80::/64  |    ::   |   enp0s8  |   U   |
[   23.172989] cloud-init[703]: ci-info: |   2   |  fe80::/64  |    ::   |   enp0s3  |   U   |
[   23.179266] cloud-init[703]: ci-info: |   4   |    local    |    ::   |   enp0s3  |   U   |
[   23.185533] cloud-init[703]: ci-info: |   5   |    local    |    ::   |   enp0s8  |   U   |
[   23.187755] cloud-init[703]: ci-info: |   6   |   ff00::/8  |    ::   |   enp0s8  |   U   |
[   23.189428] cloud-init[703]: ci-info: |   7   |   ff00::/8  |    ::   |   enp0s3  |   U   |
[   23.191014] cloud-init[703]: ci-info: +-------+-------------+---------+-----------+-------+
[[0;32m  OK  [0m] Started Initial cloud-init job (metadata service crawler).
[[0;32m  OK  [0m] Reached target Network is Online.
         Starting Availability of block devices...
[[0;32m  OK  [0m] Reached target Remote File Systems (Pre).
[[0;32m  OK  [0m] Reached target Remote File Systems.
[[0;32m  OK  [0m] Reached target System Initialization.
         Starting Socket activation for snappy daemon.
[[0;32m  OK  [0m] Started Discard unused blocks once a week.
[[0;32m  OK  [0m] Listening on Open-iSCSI iscsid Socket.
[[0;32m  OK  [0m] Started Daily apt download activities.
[[0;32m  OK  [0m] Started Daily Cleanup of Temporary Directories.
[[0;32m  OK  [0m] Started Message of the Day.
         Starting LXD - unix socket.
[[0;32m  OK  [0m] Started ACPI Events Check.
[[0;32m  OK  [0m] Reached target Paths.
[[0;32m  OK  [0m] Listening on ACPID Listen Socket.
[[0;32m  OK  [0m] Listening on D-Bus System Message Bus Socket.
[[0;32m  OK  [0m] Started Daily apt upgrade and clean activities.
[[0;32m  OK  [0m] Reached target Timers.
[[0;32m  OK  [0m] Listening on UUID daemon activation socket.
[[0;32m  OK  [0m] Reached target Cloud-config availability.
[[0;32m  OK  [0m] Started Availability of block devices.
[[0;32m  OK  [0m] Listening on Socket activation for snappy daemon.
[[0;32m  OK  [0m] Listening on LXD - unix socket.
[[0;32m  OK  [0m] Reached target Sockets.
[[0;32m  OK  [0m] Reached target Basic System.
[[0;32m  OK  [0m] Started Regular background program processing daemon.
         Starting LSB: Record successful boot for GRUB...
         Starting LSB: automatic crash report generation...
         Starting Permit User Sessions...
         Starting Dispatcher daemon for systemd-networkd...
[[0;32m  OK  [0m] Started D-Bus System Message Bus.
[[0;32m  OK  [0m] Started FUSE filesystem for LXC.
         Starting vboxadd.service...
         Starting Accounts Service...
[[0;32m  OK  [0m] Started irqbalance daemon.
         Starting System Logging Service...
         Starting Login Service...
         Starting OpenBSD Secure Shell server...
[[0;32m  OK  [0m] Started Deferred execution scheduler.
         Starting Snappy daemon...
         Starting LXD - container startup/shutdown...
[[0;32m  OK  [0m] Started System Logging Service.
[[0;32m  OK  [0m] Started Permit User Sessions.
[[0;32m  OK  [0m] Started OpenBSD Secure Shell server.
[[0;32m  OK  [0m] Started Dispatcher daemon for systemd-networkd.
[[0;32m  OK  [0m] Started Login Service.
[[0;32m  OK  [0m] Started Unattended Upgrades Shutdown.
         Starting Authorization Manager...
         Starting Terminate Plymouth Boot Screen...
         Starting Hold until boot process finishes up...
[[0;32m  OK  [0m] Started Hold until boot process finishes up.
         Starting Set console scheme...
[[0;32m  OK  [0m] Started Serial Getty on ttyS0.
[[0;32m  OK  [0m] Started Terminate Plymouth Boot Screen.
[[0;32m  OK  [0m] Started LSB: automatic crash report generation.
[[0;32m  OK  [0m] Started LXD - container startup/shutdown.
[[0;32m  OK  [0m] Started Authorization Manager.
[[0;32m  OK  [0m] Started Accounts Service.
[[0;32m  OK  [0m] Started Set console scheme.
[[0;32m  OK  [0m] Created slice system-getty.slice.
[[0;32m  OK  [0m] Started Getty on tty1.
[[0;32m  OK  [0m] Reached target Login Prompts.
[[0;32m  OK  [0m] Started LSB: Record successful boot for GRUB.
[[0;32m  OK  [0m] Started vboxadd.service.
         Starting vboxadd-service.service...
[[0;32m  OK  [0m] Started vboxadd-service.service.
[[0;32m  OK  [0m] Started Snappy daemon.
         Starting Wait until snapd is fully seeded...
[[0;32m  OK  [0m] Started Wait until snapd is fully seeded.
         Starting Apply the settings specified in cloud-config...
[[0;32m  OK  [0m] Reached target Multi-User System.
[[0;32m  OK  [0m] Reached target Graphical Interface.
         Starting Update UTMP about System Runlevel Changes...
[[0;32m  OK  [0m] Started Update UTMP about System Runlevel Changes.
[   25.542998] cloud-init[1184]: Cloud-init v. 19.2-36-g059d049c-0ubuntu1~18.04.1 running 'modules:config' at Thu, 14 Nov 2019 11:22:06 +0000. Up 25.44 seconds.
[[0;32m  OK  [0m] Started Apply the settings specified in cloud-config.
         Starting Execute cloud user/final scripts...
[[0;32m  OK  [0m] Created slice User Slice of vagrant.
         Starting User Manager for UID 1000...
[[0;32m  OK  [0m] Started Session 1 of user vagrant.
[[0;32m  OK  [0m] Started User Manager for UID 1000.
[   26.093510] cloud-init[1239]: Cloud-init v. 19.2-36-g059d049c-0ubuntu1~18.04.1 running 'modules:final' at Thu, 14 Nov 2019 11:22:07 +0000. Up 25.98 seconds.
[   26.101678] cloud-init[1239]: Cloud-init v. 19.2-36-g059d049c-0ubuntu1~18.04.1 finished at Thu, 14 Nov 2019 11:22:07 +0000. Datasource DataSourceNoCloud [seed=/dev/sdb][dsmode=net].  Up 26.08 seconds
[[0;32m  OK  [0m] Started Execute cloud user/final scripts.
[[0;32m  OK  [0m] Reached target Cloud-init target.

Ubuntu 18.04.3 LTS ubuntu-bionic ttyS0

ubuntu-bionic login: 